<?xml version="1.0" encoding="UTF-8"?>
<!-- Generated by org.testng.reporters.JUnitXMLReporter -->
<testsuite hostname="SHUBHENDU" ignored="4" name="Test" tests="3" failures="0" timestamp="06 Jul 2020 10:21:16 GMT" time="411.277" errors="0">
  <testcase name="OrganisationCreation" time="84.992" classname="com.Vtiger.TestScript.CreateOrganisationTest"/>
  <testcase name="ProductCreation" time="40.857" classname="com.Vtiger.TestScript.CreateProductTest"/>
  <testcase name="LeadCreation" time="57.992" classname="com.Vtiger.TestScript.CreateLeadTest"/>
  <testcase name="@BeforeSuite configBS" time="0.0" classname="com.Vtiger.genericLib.BaseClass">
    <ignored/>
  </testcase> <!-- @BeforeSuite configBS -->
  <testcase name="@BeforeSuite configBS" time="0.0" classname="com.Vtiger.genericLib.BaseClass">
    <ignored/>
  </testcase> <!-- @BeforeSuite configBS -->
  <testcase name="@AfterSuite configAS" time="0.0" classname="com.Vtiger.genericLib.BaseClass">
    <ignored/>
  </testcase> <!-- @AfterSuite configAS -->
  <testcase name="@AfterSuite configAS" time="0.0" classname="com.Vtiger.genericLib.BaseClass">
    <ignored/>
  </testcase> <!-- @AfterSuite configAS -->
</testsuite> <!-- Test -->
